<?xml version="1.0" encoding="UTF-8"?>
<robot generator="Robot 6.0.2 (Python 3.11.3 on win32)" generated="20230520 08:18:00.804" rpa="false" schemaversion="3">
<suite id="s1" name="Chronos" source="c:\Users\Selmo\Desktop\workspace\robot\chronos.robot">
<test id="s1-t1" name="ChronosTest" line="36">
<kw name="Adicionar item carrinho de compra">
<kw name="Open Browser" library="SeleniumLibrary">
<arg>${url}</arg>
<arg>${navegador}</arg>
<doc>Opens a new browser instance to the optional ``url``.</doc>
<msg timestamp="20230520 08:18:01.840" level="INFO">Opening browser 'chrome' to base url 'https://www.demoblaze.com'.</msg>
<status status="PASS" starttime="20230520 08:18:01.840" endtime="20230520 08:18:06.747"/>
</kw>
<kw name="Maximize Browser Window" library="SeleniumLibrary">
<doc>Maximizes current browser window.</doc>
<status status="PASS" starttime="20230520 08:18:06.747" endtime="20230520 08:18:06.883"/>
</kw>
<kw name="Click Link" library="SeleniumLibrary">
<arg>Laptops</arg>
<doc>Clicks a link identified by ``locator``.</doc>
<msg timestamp="20230520 08:18:06.883" level="INFO">Clicking link 'Laptops'.</msg>
<status status="PASS" starttime="20230520 08:18:06.883" endtime="20230520 08:18:07.147"/>
</kw>
<kw name="Wait Until Element Is Visible" library="SeleniumLibrary">
<arg>link=MacBook Pro</arg>
<doc>Waits until the element ``locator`` is visible.</doc>
<status status="PASS" starttime="20230520 08:18:07.155" endtime="20230520 08:18:07.964"/>
</kw>
<kw name="Click Link" library="SeleniumLibrary">
<arg>MacBook Pro</arg>
<doc>Clicks a link identified by ``locator``.</doc>
<msg timestamp="20230520 08:18:07.964" level="INFO">Clicking link 'MacBook Pro'.</msg>
<status status="PASS" starttime="20230520 08:18:07.964" endtime="20230520 08:18:08.524"/>
</kw>
<kw name="Wait Until Element Is Visible" library="SeleniumLibrary">
<arg>xpath=//div[2]//a</arg>
<doc>Waits until the element ``locator`` is visible.</doc>
<status status="PASS" starttime="20230520 08:18:08.524" endtime="20230520 08:18:09.384"/>
</kw>
<kw name="Click Element" library="SeleniumLibrary">
<arg>xpath=//div[2]//a</arg>
<doc>Click the element identified by ``locator``.</doc>
<msg timestamp="20230520 08:18:09.386" level="INFO">Clicking element 'xpath=//div[2]//a'.</msg>
<status status="PASS" starttime="20230520 08:18:09.386" endtime="20230520 08:18:09.536"/>
</kw>
<kw name="Alert Should Be Present" library="SeleniumLibrary">
<doc>Verifies that an alert is present and by default, accepts it.</doc>
<msg timestamp="20230520 08:18:09.544" level="INFO">HANDLE::&lt;class 'NoneType'&gt;::None</msg>
<status status="PASS" starttime="20230520 08:18:09.536" endtime="20230520 08:18:10.076"/>
</kw>
<status status="PASS" starttime="20230520 08:18:01.840" endtime="20230520 08:18:10.084"/>
</kw>
<kw name="Finalizar compra">
<kw name="Click Link" library="SeleniumLibrary">
<arg>Cart</arg>
<doc>Clicks a link identified by ``locator``.</doc>
<msg timestamp="20230520 08:18:10.096" level="INFO">Clicking link 'Cart'.</msg>
<status status="PASS" starttime="20230520 08:18:10.089" endtime="20230520 08:18:10.987"/>
</kw>
<kw name="Click Button" library="SeleniumLibrary">
<arg>css=.btn-success</arg>
<doc>Clicks the button identified by ``locator``.</doc>
<msg timestamp="20230520 08:18:10.989" level="INFO">Clicking button 'css=.btn-success'.</msg>
<status status="PASS" starttime="20230520 08:18:10.987" endtime="20230520 08:18:11.157"/>
</kw>
<kw name="Wait Until Element Is Visible" library="SeleniumLibrary">
<arg>id=name</arg>
<doc>Waits until the element ``locator`` is visible.</doc>
<status status="PASS" starttime="20230520 08:18:11.163" endtime="20230520 08:18:11.504"/>
</kw>
<kw name="Input Text" library="SeleniumLibrary">
<arg>id=name</arg>
<arg>Selmo</arg>
<doc>Types the given ``text`` into the text field identified by ``locator``.</doc>
<msg timestamp="20230520 08:18:11.504" level="INFO">Typing text 'Selmo' into text field 'id=name'.</msg>
<status status="PASS" starttime="20230520 08:18:11.504" endtime="20230520 08:18:11.705"/>
</kw>
<kw name="Input Text" library="SeleniumLibrary">
<arg>id=country</arg>
<arg>USA</arg>
<doc>Types the given ``text`` into the text field identified by ``locator``.</doc>
<msg timestamp="20230520 08:18:11.705" level="INFO">Typing text 'USA' into text field 'id=country'.</msg>
<status status="PASS" starttime="20230520 08:18:11.705" endtime="20230520 08:18:11.883"/>
</kw>
<kw name="Input Text" library="SeleniumLibrary">
<arg>id=city</arg>
<arg>California</arg>
<doc>Types the given ``text`` into the text field identified by ``locator``.</doc>
<msg timestamp="20230520 08:18:11.884" level="INFO">Typing text 'California' into text field 'id=city'.</msg>
<status status="PASS" starttime="20230520 08:18:11.884" endtime="20230520 08:18:12.048"/>
</kw>
<kw name="Input Text" library="SeleniumLibrary">
<arg>id=card</arg>
<arg>12345678910</arg>
<doc>Types the given ``text`` into the text field identified by ``locator``.</doc>
<msg timestamp="20230520 08:18:12.048" level="INFO">Typing text '12345678910' into text field 'id=card'.</msg>
<status status="PASS" starttime="20230520 08:18:12.048" endtime="20230520 08:18:12.217"/>
</kw>
<kw name="Input Text" library="SeleniumLibrary">
<arg>id=month</arg>
<arg>07</arg>
<doc>Types the given ``text`` into the text field identified by ``locator``.</doc>
<msg timestamp="20230520 08:18:12.217" level="INFO">Typing text '07' into text field 'id=month'.</msg>
<status status="PASS" starttime="20230520 08:18:12.217" endtime="20230520 08:18:12.363"/>
</kw>
<kw name="Input Text" library="SeleniumLibrary">
<arg>id=year</arg>
<arg>2031</arg>
<doc>Types the given ``text`` into the text field identified by ``locator``.</doc>
<msg timestamp="20230520 08:18:12.365" level="INFO">Typing text '2031' into text field 'id=year'.</msg>
<status status="PASS" starttime="20230520 08:18:12.363" endtime="20230520 08:18:12.515"/>
</kw>
<kw name="Click Button" library="SeleniumLibrary">
<arg>xpath=//button[text()='Purchase']</arg>
<doc>Clicks the button identified by ``locator``.</doc>
<msg timestamp="20230520 08:18:12.515" level="INFO">Clicking button 'xpath=//button[text()='Purchase']'.</msg>
<status status="PASS" starttime="20230520 08:18:12.515" endtime="20230520 08:18:12.635"/>
</kw>
<kw name="Element Text Should Be" library="SeleniumLibrary">
<arg>css=.sweet-alert &gt; h2</arg>
<arg>Thank you for your purchase!</arg>
<doc>Verifies that element ``locator`` contains exact the text ``expected``.</doc>
<msg timestamp="20230520 08:18:12.641" level="INFO">Verifying element 'css=.sweet-alert &gt; h2' contains exact text 'Thank you for your purchase!'.</msg>
<status status="PASS" starttime="20230520 08:18:12.635" endtime="20230520 08:18:12.704"/>
</kw>
<kw name="Click Button" library="SeleniumLibrary">
<arg>css=.confirm</arg>
<doc>Clicks the button identified by ``locator``.</doc>
<msg timestamp="20230520 08:18:12.707" level="INFO">Clicking button 'css=.confirm'.</msg>
<status status="PASS" starttime="20230520 08:18:12.704" endtime="20230520 08:18:12.965"/>
</kw>
<status status="PASS" starttime="20230520 08:18:10.084" endtime="20230520 08:18:12.965"/>
</kw>
<status status="PASS" starttime="20230520 08:18:01.832" endtime="20230520 08:18:12.965"/>
</test>
<doc>Robot Framework sem Complicação</doc>
<status status="PASS" starttime="20230520 08:18:00.812" endtime="20230520 08:18:12.969"/>
</suite>
<statistics>
<total>
<stat pass="1" fail="0" skip="0">All Tests</stat>
</total>
<tag>
</tag>
<suite>
<stat pass="1" fail="0" skip="0" id="s1" name="Chronos">Chronos</stat>
</suite>
</statistics>
<errors>
</errors>
</robot>
