<?xml version="1.0" encoding="UTF-8"?>
<robot generator="Robot 6.0.2 (Python 3.11.3 on win32)" generated="20230512 19:51:26.940" rpa="false" schemaversion="3">
<suite id="s1" name="Chronos" source="C:\Users\Selmo\Desktop\workspace\robot\chronos.robot">
<test id="s1-t1" name="ChronosTest" line="6">
<kw name="Open Browser" library="SeleniumLibrary">
<arg>https://www.demoblaze.com</arg>
<arg>chrome</arg>
<doc>Opens a new browser instance to the optional ``url``.</doc>
<msg timestamp="20230512 19:51:27.270" level="INFO">Opening browser 'chrome' to base url 'https://www.demoblaze.com'.</msg>
<status status="PASS" starttime="20230512 19:51:27.269" endtime="20230512 19:51:30.779"/>
</kw>
<kw name="Maximize Browser Window" library="SeleniumLibrary">
<doc>Maximizes current browser window.</doc>
<status status="PASS" starttime="20230512 19:51:30.779" endtime="20230512 19:51:30.909"/>
</kw>
<status status="PASS" starttime="20230512 19:51:27.259" endtime="20230512 19:51:30.910"/>
</test>
<doc>Robot Framework sem Complicação</doc>
<status status="PASS" starttime="20230512 19:51:26.940" endtime="20230512 19:51:30.912"/>
</suite>
<statistics>
<total>
<stat pass="1" fail="0" skip="0">All Tests</stat>
</total>
<tag>
</tag>
<suite>
<stat pass="1" fail="0" skip="0" id="s1" name="Chronos">Chronos</stat>
</suite>
</statistics>
<errors>
</errors>
</robot>
